mode: set
github.com/gitlayzer/block-controller/api/v1/blockrequest_types.go:92.13,94.2 1 0
github.com/gitlayzer/block-controller/api/v1/zz_generated.deepcopy.go:29.57,35.2 5 0
github.com/gitlayzer/block-controller/api/v1/zz_generated.deepcopy.go:38.50,39.15 1 0
github.com/gitlayzer/block-controller/api/v1/zz_generated.deepcopy.go:39.15,41.3 1 0
github.com/gitlayzer/block-controller/api/v1/zz_generated.deepcopy.go:42.2,44.12 3 0
github.com/gitlayzer/block-controller/api/v1/zz_generated.deepcopy.go:48.57,49.34 1 0
github.com/gitlayzer/block-controller/api/v1/zz_generated.deepcopy.go:49.34,51.3 1 0
github.com/gitlayzer/block-controller/api/v1/zz_generated.deepcopy.go:52.2,52.12 1 0
github.com/gitlayzer/block-controller/api/v1/zz_generated.deepcopy.go:56.65,60.21 4 0
github.com/gitlayzer/block-controller/api/v1/zz_generated.deepcopy.go:60.21,63.22 3 0
github.com/gitlayzer/block-controller/api/v1/zz_generated.deepcopy.go:63.22,65.4 1 0
github.com/gitlayzer/block-controller/api/v1/zz_generated.deepcopy.go:70.58,71.15 1 0
github.com/gitlayzer/block-controller/api/v1/zz_generated.deepcopy.go:71.15,73.3 1 0
github.com/gitlayzer/block-controller/api/v1/zz_generated.deepcopy.go:74.2,76.12 3 0
github.com/gitlayzer/block-controller/api/v1/zz_generated.deepcopy.go:80.61,81.34 1 0
github.com/gitlayzer/block-controller/api/v1/zz_generated.deepcopy.go:81.34,83.3 1 0
github.com/gitlayzer/block-controller/api/v1/zz_generated.deepcopy.go:84.2,84.12 1 0
github.com/gitlayzer/block-controller/api/v1/zz_generated.deepcopy.go:88.65,90.30 2 0
github.com/gitlayzer/block-controller/api/v1/zz_generated.deepcopy.go:90.30,94.3 3 0
github.com/gitlayzer/block-controller/api/v1/zz_generated.deepcopy.go:95.2,95.33 1 0
github.com/gitlayzer/block-controller/api/v1/zz_generated.deepcopy.go:95.33,99.3 3 0
github.com/gitlayzer/block-controller/api/v1/zz_generated.deepcopy.go:103.58,104.15 1 0
github.com/gitlayzer/block-controller/api/v1/zz_generated.deepcopy.go:104.15,106.3 1 0
github.com/gitlayzer/block-controller/api/v1/zz_generated.deepcopy.go:107.2,109.12 3 0
github.com/gitlayzer/block-controller/api/v1/zz_generated.deepcopy.go:113.69,115.33 2 0
github.com/gitlayzer/block-controller/api/v1/zz_generated.deepcopy.go:115.33,119.3 3 0
github.com/gitlayzer/block-controller/api/v1/zz_generated.deepcopy.go:123.62,124.15 1 0
github.com/gitlayzer/block-controller/api/v1/zz_generated.deepcopy.go:124.15,126.3 1 0
github.com/gitlayzer/block-controller/api/v1/zz_generated.deepcopy.go:127.2,129.12 3 0
github.com/gitlayzer/block-controller/api/v1/zz_generated.deepcopy.go:133.63,135.2 1 0
github.com/gitlayzer/block-controller/api/v1/zz_generated.deepcopy.go:138.56,139.15 1 0
github.com/gitlayzer/block-controller/api/v1/zz_generated.deepcopy.go:139.15,141.3 1 0
github.com/gitlayzer/block-controller/api/v1/zz_generated.deepcopy.go:142.2,144.12 3 0
github.com/gitlayzer/block-controller/cmd/main.go:51.13,56.2 2 0
github.com/gitlayzer/block-controller/cmd/main.go:59.13,111.38 36 0
github.com/gitlayzer/block-controller/cmd/main.go:111.38,114.3 2 0
github.com/gitlayzer/block-controller/cmd/main.go:116.2,116.18 1 0
github.com/gitlayzer/block-controller/cmd/main.go:116.18,118.3 1 0
github.com/gitlayzer/block-controller/cmd/main.go:120.2,121.19 2 0
github.com/gitlayzer/block-controller/cmd/main.go:121.19,128.31 3 0
github.com/gitlayzer/block-controller/cmd/main.go:128.31,135.4 4 0
github.com/gitlayzer/block-controller/cmd/main.go:137.3,137.58 1 0
github.com/gitlayzer/block-controller/cmd/main.go:144.2,150.19 2 0
github.com/gitlayzer/block-controller/cmd/main.go:150.19,156.3 1 0
github.com/gitlayzer/block-controller/cmd/main.go:166.2,166.30 1 0
github.com/gitlayzer/block-controller/cmd/main.go:166.30,173.3 4 0
github.com/gitlayzer/block-controller/cmd/main.go:175.2,194.16 2 0
github.com/gitlayzer/block-controller/cmd/main.go:194.16,197.3 2 0
github.com/gitlayzer/block-controller/cmd/main.go:199.2,200.16 2 0
github.com/gitlayzer/block-controller/cmd/main.go:200.16,203.3 2 0
github.com/gitlayzer/block-controller/cmd/main.go:205.2,210.39 1 0
github.com/gitlayzer/block-controller/cmd/main.go:210.39,213.3 2 0
github.com/gitlayzer/block-controller/cmd/main.go:215.2,231.43 2 0
github.com/gitlayzer/block-controller/cmd/main.go:231.43,234.3 2 0
github.com/gitlayzer/block-controller/cmd/main.go:238.2,238.69 1 0
github.com/gitlayzer/block-controller/cmd/main.go:238.69,241.3 2 0
github.com/gitlayzer/block-controller/cmd/main.go:242.2,242.67 1 0
github.com/gitlayzer/block-controller/cmd/main.go:242.67,245.3 2 0
github.com/gitlayzer/block-controller/cmd/main.go:247.2,248.61 2 0
github.com/gitlayzer/block-controller/cmd/main.go:248.61,251.3 2 0
github.com/gitlayzer/block-controller/internal/utils/resourcequota.go:10.81,26.18 2 0
github.com/gitlayzer/block-controller/internal/utils/resourcequota.go:26.18,28.3 1 0
github.com/gitlayzer/block-controller/internal/utils/resourcequota.go:30.2,38.3 1 0
github.com/gitlayzer/block-controller/internal/scanner/namespace_scanner.go:34.61,40.6 5 0
github.com/gitlayzer/block-controller/internal/scanner/namespace_scanner.go:40.6,41.10 1 0
github.com/gitlayzer/block-controller/internal/scanner/namespace_scanner.go:42.21,43.14 1 0
github.com/gitlayzer/block-controller/internal/scanner/namespace_scanner.go:44.23,46.42 2 0
github.com/gitlayzer/block-controller/internal/scanner/namespace_scanner.go:46.42,48.5 1 0
github.com/gitlayzer/block-controller/internal/scanner/namespace_scanner.go:49.23,51.42 2 0
github.com/gitlayzer/block-controller/internal/scanner/namespace_scanner.go:51.42,53.5 1 0
github.com/gitlayzer/block-controller/internal/scanner/namespace_scanner.go:58.64,64.67 4 0
github.com/gitlayzer/block-controller/internal/scanner/namespace_scanner.go:64.67,67.3 2 0
github.com/gitlayzer/block-controller/internal/scanner/namespace_scanner.go:68.2,68.40 1 0
github.com/gitlayzer/block-controller/internal/scanner/namespace_scanner.go:68.40,69.53 1 0
github.com/gitlayzer/block-controller/internal/scanner/namespace_scanner.go:69.53,71.4 1 0
github.com/gitlayzer/block-controller/internal/scanner/namespace_scanner.go:75.2,77.67 3 0
github.com/gitlayzer/block-controller/internal/scanner/namespace_scanner.go:77.67,80.3 2 0
github.com/gitlayzer/block-controller/internal/scanner/namespace_scanner.go:81.2,81.40 1 0
github.com/gitlayzer/block-controller/internal/scanner/namespace_scanner.go:81.40,82.53 1 0
github.com/gitlayzer/block-controller/internal/scanner/namespace_scanner.go:82.53,84.4 1 0
github.com/gitlayzer/block-controller/internal/scanner/namespace_scanner.go:87.2,87.12 1 0
github.com/gitlayzer/block-controller/internal/scanner/namespace_scanner.go:90.64,92.6 2 0
github.com/gitlayzer/block-controller/internal/scanner/namespace_scanner.go:92.6,95.17 3 0
github.com/gitlayzer/block-controller/internal/scanner/namespace_scanner.go:95.17,97.4 1 0
github.com/gitlayzer/block-controller/internal/scanner/namespace_scanner.go:99.3,99.49 1 0
github.com/gitlayzer/block-controller/internal/scanner/namespace_scanner.go:99.49,100.61 1 0
github.com/gitlayzer/block-controller/internal/scanner/namespace_scanner.go:100.61,102.5 1 0
github.com/gitlayzer/block-controller/internal/scanner/namespace_scanner.go:105.3,105.35 1 0
github.com/gitlayzer/block-controller/internal/scanner/namespace_scanner.go:105.35,106.9 1 0
github.com/gitlayzer/block-controller/internal/scanner/namespace_scanner.go:108.3,108.41 1 0
github.com/gitlayzer/block-controller/internal/scanner/namespace_scanner.go:110.2,110.12 1 0
github.com/gitlayzer/block-controller/internal/scanner/namespace_scanner.go:113.100,117.9 3 0
github.com/gitlayzer/block-controller/internal/scanner/namespace_scanner.go:117.9,121.3 2 0
github.com/gitlayzer/block-controller/internal/scanner/namespace_scanner.go:124.2,124.89 1 0
github.com/gitlayzer/block-controller/internal/scanner/namespace_scanner.go:124.89,126.49 2 0
github.com/gitlayzer/block-controller/internal/scanner/namespace_scanner.go:126.49,127.40 1 0
github.com/gitlayzer/block-controller/internal/scanner/namespace_scanner.go:127.40,129.5 1 0
github.com/gitlayzer/block-controller/internal/scanner/namespace_scanner.go:133.2,133.16 1 0
github.com/gitlayzer/block-controller/internal/scanner/namespace_scanner.go:134.30,136.39 2 0
github.com/gitlayzer/block-controller/internal/scanner/namespace_scanner.go:137.30,139.41 2 0
github.com/gitlayzer/block-controller/internal/scanner/namespace_scanner.go:142.2,142.12 1 0
github.com/gitlayzer/block-controller/internal/scanner/namespace_scanner.go:145.95,149.34 2 0
github.com/gitlayzer/block-controller/internal/scanner/namespace_scanner.go:149.34,151.3 1 0
github.com/gitlayzer/block-controller/internal/scanner/namespace_scanner.go:152.2,153.9 2 0
github.com/gitlayzer/block-controller/internal/scanner/namespace_scanner.go:153.9,156.50 3 0
github.com/gitlayzer/block-controller/internal/scanner/namespace_scanner.go:156.50,159.4 2 0
github.com/gitlayzer/block-controller/internal/scanner/namespace_scanner.go:163.2,165.42 3 0
github.com/gitlayzer/block-controller/internal/scanner/namespace_scanner.go:165.42,166.34 1 0
github.com/gitlayzer/block-controller/internal/scanner/namespace_scanner.go:166.34,168.4 1 0
github.com/gitlayzer/block-controller/internal/scanner/namespace_scanner.go:168.9,171.4 2 0
github.com/gitlayzer/block-controller/internal/scanner/namespace_scanner.go:175.2,176.86 2 0
github.com/gitlayzer/block-controller/internal/scanner/namespace_scanner.go:176.86,179.3 2 0
github.com/gitlayzer/block-controller/internal/scanner/namespace_scanner.go:181.2,181.47 1 0
github.com/gitlayzer/block-controller/internal/scanner/namespace_scanner.go:181.47,182.36 1 0
github.com/gitlayzer/block-controller/internal/scanner/namespace_scanner.go:182.36,184.4 1 0
github.com/gitlayzer/block-controller/internal/scanner/namespace_scanner.go:185.3,185.37 1 0
github.com/gitlayzer/block-controller/internal/scanner/namespace_scanner.go:185.37,189.53 4 0
github.com/gitlayzer/block-controller/internal/scanner/namespace_scanner.go:189.53,190.31 1 0
github.com/gitlayzer/block-controller/internal/scanner/namespace_scanner.go:190.31,193.6 2 0
github.com/gitlayzer/block-controller/internal/scanner/namespace_scanner.go:194.5,195.15 2 0
github.com/gitlayzer/block-controller/internal/scanner/namespace_scanner.go:201.2,202.87 2 0
github.com/gitlayzer/block-controller/internal/scanner/namespace_scanner.go:202.87,205.3 2 0
github.com/gitlayzer/block-controller/internal/scanner/namespace_scanner.go:207.2,207.49 1 0
github.com/gitlayzer/block-controller/internal/scanner/namespace_scanner.go:207.49,208.37 1 0
github.com/gitlayzer/block-controller/internal/scanner/namespace_scanner.go:208.37,210.4 1 0
github.com/gitlayzer/block-controller/internal/scanner/namespace_scanner.go:211.3,211.38 1 0
github.com/gitlayzer/block-controller/internal/scanner/namespace_scanner.go:211.38,215.54 4 0
github.com/gitlayzer/block-controller/internal/scanner/namespace_scanner.go:215.54,216.31 1 0
github.com/gitlayzer/block-controller/internal/scanner/namespace_scanner.go:216.31,219.6 2 0
github.com/gitlayzer/block-controller/internal/scanner/namespace_scanner.go:220.5,221.15 2 0
github.com/gitlayzer/block-controller/internal/scanner/namespace_scanner.go:227.2,228.86 2 0
github.com/gitlayzer/block-controller/internal/scanner/namespace_scanner.go:228.86,231.3 2 0
github.com/gitlayzer/block-controller/internal/scanner/namespace_scanner.go:233.2,233.47 1 0
github.com/gitlayzer/block-controller/internal/scanner/namespace_scanner.go:233.47,234.36 1 0
github.com/gitlayzer/block-controller/internal/scanner/namespace_scanner.go:234.36,236.4 1 0
github.com/gitlayzer/block-controller/internal/scanner/namespace_scanner.go:237.3,237.37 1 0
github.com/gitlayzer/block-controller/internal/scanner/namespace_scanner.go:237.37,241.53 4 0
github.com/gitlayzer/block-controller/internal/scanner/namespace_scanner.go:241.53,242.31 1 0
github.com/gitlayzer/block-controller/internal/scanner/namespace_scanner.go:242.31,245.6 2 0
github.com/gitlayzer/block-controller/internal/scanner/namespace_scanner.go:246.5,247.15 2 0
github.com/gitlayzer/block-controller/internal/scanner/namespace_scanner.go:253.2,254.78 2 0
github.com/gitlayzer/block-controller/internal/scanner/namespace_scanner.go:254.78,257.3 2 0
github.com/gitlayzer/block-controller/internal/scanner/namespace_scanner.go:259.2,259.31 1 0
github.com/gitlayzer/block-controller/internal/scanner/namespace_scanner.go:259.31,260.28 1 0
github.com/gitlayzer/block-controller/internal/scanner/namespace_scanner.go:260.28,262.4 1 0
github.com/gitlayzer/block-controller/internal/scanner/namespace_scanner.go:263.3,263.29 1 0
github.com/gitlayzer/block-controller/internal/scanner/namespace_scanner.go:263.29,267.45 4 0
github.com/gitlayzer/block-controller/internal/scanner/namespace_scanner.go:267.45,268.31 1 0
github.com/gitlayzer/block-controller/internal/scanner/namespace_scanner.go:268.31,271.6 2 0
github.com/gitlayzer/block-controller/internal/scanner/namespace_scanner.go:272.5,273.15 2 0
github.com/gitlayzer/block-controller/internal/scanner/namespace_scanner.go:279.2,280.83 2 0
github.com/gitlayzer/block-controller/internal/scanner/namespace_scanner.go:280.83,283.3 2 0
github.com/gitlayzer/block-controller/internal/scanner/namespace_scanner.go:285.2,285.41 1 0
github.com/gitlayzer/block-controller/internal/scanner/namespace_scanner.go:285.41,286.33 1 0
github.com/gitlayzer/block-controller/internal/scanner/namespace_scanner.go:286.33,288.4 1 0
github.com/gitlayzer/block-controller/internal/scanner/namespace_scanner.go:289.3,289.60 1 0
github.com/gitlayzer/block-controller/internal/scanner/namespace_scanner.go:289.60,293.50 4 0
github.com/gitlayzer/block-controller/internal/scanner/namespace_scanner.go:293.50,294.31 1 0
github.com/gitlayzer/block-controller/internal/scanner/namespace_scanner.go:294.31,297.6 2 0
github.com/gitlayzer/block-controller/internal/scanner/namespace_scanner.go:298.5,299.15 2 0
github.com/gitlayzer/block-controller/internal/scanner/namespace_scanner.go:305.2,306.79 2 0
github.com/gitlayzer/block-controller/internal/scanner/namespace_scanner.go:306.79,309.3 2 0
github.com/gitlayzer/block-controller/internal/scanner/namespace_scanner.go:311.2,311.33 1 0
github.com/gitlayzer/block-controller/internal/scanner/namespace_scanner.go:311.33,313.45 2 0
github.com/gitlayzer/block-controller/internal/scanner/namespace_scanner.go:313.45,314.129 1 0
github.com/gitlayzer/block-controller/internal/scanner/namespace_scanner.go:314.129,316.10 2 0
github.com/gitlayzer/block-controller/internal/scanner/namespace_scanner.go:320.3,320.19 1 0
github.com/gitlayzer/block-controller/internal/scanner/namespace_scanner.go:320.19,322.46 2 0
github.com/gitlayzer/block-controller/internal/scanner/namespace_scanner.go:322.46,325.5 2 0
github.com/gitlayzer/block-controller/internal/scanner/namespace_scanner.go:329.2,329.12 1 0
github.com/gitlayzer/block-controller/internal/scanner/namespace_scanner.go:332.97,337.131 3 0
github.com/gitlayzer/block-controller/internal/scanner/namespace_scanner.go:337.131,339.55 2 0
github.com/gitlayzer/block-controller/internal/scanner/namespace_scanner.go:339.55,342.4 2 0
github.com/gitlayzer/block-controller/internal/scanner/namespace_scanner.go:346.2,347.86 2 0
github.com/gitlayzer/block-controller/internal/scanner/namespace_scanner.go:347.86,350.3 2 0
github.com/gitlayzer/block-controller/internal/scanner/namespace_scanner.go:352.2,352.47 1 0
github.com/gitlayzer/block-controller/internal/scanner/namespace_scanner.go:352.47,353.36 1 0
github.com/gitlayzer/block-controller/internal/scanner/namespace_scanner.go:353.36,354.91 1 0
github.com/gitlayzer/block-controller/internal/scanner/namespace_scanner.go:354.91,356.19 2 0
github.com/gitlayzer/block-controller/internal/scanner/namespace_scanner.go:356.19,358.14 2 0
github.com/gitlayzer/block-controller/internal/scanner/namespace_scanner.go:360.5,363.54 4 0
github.com/gitlayzer/block-controller/internal/scanner/namespace_scanner.go:363.54,364.32 1 0
github.com/gitlayzer/block-controller/internal/scanner/namespace_scanner.go:364.32,367.7 2 0
github.com/gitlayzer/block-controller/internal/scanner/namespace_scanner.go:368.6,369.16 2 0
github.com/gitlayzer/block-controller/internal/scanner/namespace_scanner.go:376.2,377.87 2 0
github.com/gitlayzer/block-controller/internal/scanner/namespace_scanner.go:377.87,380.3 2 0
github.com/gitlayzer/block-controller/internal/scanner/namespace_scanner.go:382.2,382.49 1 0
github.com/gitlayzer/block-controller/internal/scanner/namespace_scanner.go:382.49,383.37 1 0
github.com/gitlayzer/block-controller/internal/scanner/namespace_scanner.go:383.37,384.92 1 0
github.com/gitlayzer/block-controller/internal/scanner/namespace_scanner.go:384.92,386.19 2 0
github.com/gitlayzer/block-controller/internal/scanner/namespace_scanner.go:386.19,388.14 2 0
github.com/gitlayzer/block-controller/internal/scanner/namespace_scanner.go:390.5,393.55 4 0
github.com/gitlayzer/block-controller/internal/scanner/namespace_scanner.go:393.55,394.32 1 0
github.com/gitlayzer/block-controller/internal/scanner/namespace_scanner.go:394.32,397.7 2 0
github.com/gitlayzer/block-controller/internal/scanner/namespace_scanner.go:398.6,399.16 2 0
github.com/gitlayzer/block-controller/internal/scanner/namespace_scanner.go:406.2,407.86 2 0
github.com/gitlayzer/block-controller/internal/scanner/namespace_scanner.go:407.86,410.3 2 0
github.com/gitlayzer/block-controller/internal/scanner/namespace_scanner.go:412.2,412.47 1 0
github.com/gitlayzer/block-controller/internal/scanner/namespace_scanner.go:412.47,413.36 1 0
github.com/gitlayzer/block-controller/internal/scanner/namespace_scanner.go:413.36,414.91 1 0
github.com/gitlayzer/block-controller/internal/scanner/namespace_scanner.go:414.91,416.19 2 0
github.com/gitlayzer/block-controller/internal/scanner/namespace_scanner.go:416.19,418.14 2 0
github.com/gitlayzer/block-controller/internal/scanner/namespace_scanner.go:420.5,423.54 4 0
github.com/gitlayzer/block-controller/internal/scanner/namespace_scanner.go:423.54,424.32 1 0
github.com/gitlayzer/block-controller/internal/scanner/namespace_scanner.go:424.32,427.7 2 0
github.com/gitlayzer/block-controller/internal/scanner/namespace_scanner.go:428.6,429.16 2 0
github.com/gitlayzer/block-controller/internal/scanner/namespace_scanner.go:436.2,437.78 2 0
github.com/gitlayzer/block-controller/internal/scanner/namespace_scanner.go:437.78,440.3 2 0
github.com/gitlayzer/block-controller/internal/scanner/namespace_scanner.go:442.2,442.31 1 0
github.com/gitlayzer/block-controller/internal/scanner/namespace_scanner.go:442.31,443.28 1 0
github.com/gitlayzer/block-controller/internal/scanner/namespace_scanner.go:443.28,444.83 1 0
github.com/gitlayzer/block-controller/internal/scanner/namespace_scanner.go:444.83,446.19 2 0
github.com/gitlayzer/block-controller/internal/scanner/namespace_scanner.go:446.19,448.14 2 0
github.com/gitlayzer/block-controller/internal/scanner/namespace_scanner.go:450.5,453.46 4 0
github.com/gitlayzer/block-controller/internal/scanner/namespace_scanner.go:453.46,454.32 1 0
github.com/gitlayzer/block-controller/internal/scanner/namespace_scanner.go:454.32,457.7 2 0
github.com/gitlayzer/block-controller/internal/scanner/namespace_scanner.go:458.6,459.16 2 0
github.com/gitlayzer/block-controller/internal/scanner/namespace_scanner.go:466.2,467.83 2 0
github.com/gitlayzer/block-controller/internal/scanner/namespace_scanner.go:467.83,470.3 2 0
github.com/gitlayzer/block-controller/internal/scanner/namespace_scanner.go:472.2,472.41 1 0
github.com/gitlayzer/block-controller/internal/scanner/namespace_scanner.go:472.41,473.33 1 0
github.com/gitlayzer/block-controller/internal/scanner/namespace_scanner.go:473.33,474.86 1 0
github.com/gitlayzer/block-controller/internal/scanner/namespace_scanner.go:474.86,476.19 2 0
github.com/gitlayzer/block-controller/internal/scanner/namespace_scanner.go:476.19,478.14 2 0
github.com/gitlayzer/block-controller/internal/scanner/namespace_scanner.go:480.5,483.51 4 0
github.com/gitlayzer/block-controller/internal/scanner/namespace_scanner.go:483.51,484.32 1 0
github.com/gitlayzer/block-controller/internal/scanner/namespace_scanner.go:484.32,487.7 2 0
github.com/gitlayzer/block-controller/internal/scanner/namespace_scanner.go:488.6,489.16 2 0
github.com/gitlayzer/block-controller/internal/scanner/namespace_scanner.go:496.2,496.34 1 0
github.com/gitlayzer/block-controller/internal/scanner/namespace_scanner.go:496.34,498.50 2 0
github.com/gitlayzer/block-controller/internal/scanner/namespace_scanner.go:498.50,501.4 2 0
github.com/gitlayzer/block-controller/internal/scanner/namespace_scanner.go:504.2,504.12 1 0
github.com/gitlayzer/block-controller/internal/scanner/namespace_scanner.go:507.105,511.49 3 0
github.com/gitlayzer/block-controller/internal/scanner/namespace_scanner.go:511.49,514.3 2 0
github.com/gitlayzer/block-controller/internal/scanner/namespace_scanner.go:516.2,516.12 1 0
github.com/gitlayzer/block-controller/test/utils/utils.go:38.27,40.2 1 0
github.com/gitlayzer/block-controller/test/utils/utils.go:43.41,47.42 3 0
github.com/gitlayzer/block-controller/test/utils/utils.go:47.42,49.3 1 0
github.com/gitlayzer/block-controller/test/utils/utils.go:51.2,55.16 5 0
github.com/gitlayzer/block-controller/test/utils/utils.go:55.16,57.3 1 0
github.com/gitlayzer/block-controller/test/utils/utils.go:59.2,59.28 1 0
github.com/gitlayzer/block-controller/test/utils/utils.go:63.29,66.36 3 0
github.com/gitlayzer/block-controller/test/utils/utils.go:66.36,68.3 1 0
github.com/gitlayzer/block-controller/test/utils/utils.go:71.2,75.41 2 0
github.com/gitlayzer/block-controller/test/utils/utils.go:75.41,78.37 2 0
github.com/gitlayzer/block-controller/test/utils/utils.go:78.37,80.4 1 0
github.com/gitlayzer/block-controller/test/utils/utils.go:85.33,88.36 3 0
github.com/gitlayzer/block-controller/test/utils/utils.go:88.36,90.3 1 0
github.com/gitlayzer/block-controller/test/utils/utils.go:93.2,100.12 3 0
github.com/gitlayzer/block-controller/test/utils/utils.go:105.40,119.16 4 0
github.com/gitlayzer/block-controller/test/utils/utils.go:119.16,121.3 1 0
github.com/gitlayzer/block-controller/test/utils/utils.go:124.2,125.38 2 0
github.com/gitlayzer/block-controller/test/utils/utils.go:125.38,126.32 1 0
github.com/gitlayzer/block-controller/test/utils/utils.go:126.32,127.35 1 0
github.com/gitlayzer/block-controller/test/utils/utils.go:127.35,129.5 1 0
github.com/gitlayzer/block-controller/test/utils/utils.go:133.2,133.14 1 0
github.com/gitlayzer/block-controller/test/utils/utils.go:137.56,139.47 2 0
github.com/gitlayzer/block-controller/test/utils/utils.go:139.47,141.3 1 0
github.com/gitlayzer/block-controller/test/utils/utils.go:142.2,144.39 3 0
github.com/gitlayzer/block-controller/test/utils/utils.go:144.39,146.3 1 0
github.com/gitlayzer/block-controller/test/utils/utils.go:147.2,149.12 3 0
github.com/gitlayzer/block-controller/test/utils/utils.go:154.47,157.35 3 0
github.com/gitlayzer/block-controller/test/utils/utils.go:157.35,158.20 1 0
github.com/gitlayzer/block-controller/test/utils/utils.go:158.20,160.4 1 0
github.com/gitlayzer/block-controller/test/utils/utils.go:163.2,163.12 1 0
github.com/gitlayzer/block-controller/test/utils/utils.go:167.38,169.16 2 0
github.com/gitlayzer/block-controller/test/utils/utils.go:169.16,171.3 1 0
github.com/gitlayzer/block-controller/test/utils/utils.go:172.2,173.16 2 0
github.com/gitlayzer/block-controller/test/utils/utils.go:178.59,182.16 2 0
github.com/gitlayzer/block-controller/test/utils/utils.go:182.16,184.3 1 0
github.com/gitlayzer/block-controller/test/utils/utils.go:185.2,188.13 3 0
github.com/gitlayzer/block-controller/test/utils/utils.go:188.13,190.3 1 0
github.com/gitlayzer/block-controller/test/utils/utils.go:192.2,194.16 3 0
github.com/gitlayzer/block-controller/test/utils/utils.go:194.16,196.3 1 0
github.com/gitlayzer/block-controller/test/utils/utils.go:198.2,199.21 2 0
github.com/gitlayzer/block-controller/test/utils/utils.go:199.21,201.3 1 0
github.com/gitlayzer/block-controller/test/utils/utils.go:202.2,202.6 1 0
github.com/gitlayzer/block-controller/test/utils/utils.go:202.6,203.87 1 0
github.com/gitlayzer/block-controller/test/utils/utils.go:203.87,205.4 1 0
github.com/gitlayzer/block-controller/test/utils/utils.go:207.3,207.22 1 0
github.com/gitlayzer/block-controller/test/utils/utils.go:207.22,208.9 1 0
github.com/gitlayzer/block-controller/test/utils/utils.go:210.3,210.49 1 0
github.com/gitlayzer/block-controller/test/utils/utils.go:210.49,212.4 1 0
github.com/gitlayzer/block-controller/test/utils/utils.go:215.2,215.63 1 0
github.com/gitlayzer/block-controller/test/utils/utils.go:215.63,217.3 1 0
github.com/gitlayzer/block-controller/test/utils/utils.go:221.2,221.65 1 0
github.com/gitlayzer/block-controller/test/utils/utils.go:221.65,223.3 1 0
github.com/gitlayzer/block-controller/test/utils/utils.go:225.2,225.12 1 0
github.com/gitlayzer/block-controller/internal/controller/blockrequest_controller.go:31.104,35.70 3 1
github.com/gitlayzer/block-controller/internal/controller/blockrequest_controller.go:35.70,38.3 2 0
github.com/gitlayzer/block-controller/internal/controller/blockrequest_controller.go:43.2,43.57 1 1
github.com/gitlayzer/block-controller/internal/controller/blockrequest_controller.go:43.57,44.87 1 0
github.com/gitlayzer/block-controller/internal/controller/blockrequest_controller.go:44.87,48.55 3 0
github.com/gitlayzer/block-controller/internal/controller/blockrequest_controller.go:48.55,50.5 1 0
github.com/gitlayzer/block-controller/internal/controller/blockrequest_controller.go:52.3,52.28 1 0
github.com/gitlayzer/block-controller/internal/controller/blockrequest_controller.go:56.2,56.87 1 1
github.com/gitlayzer/block-controller/internal/controller/blockrequest_controller.go:56.87,58.54 2 1
github.com/gitlayzer/block-controller/internal/controller/blockrequest_controller.go:58.54,60.4 1 0
github.com/gitlayzer/block-controller/internal/controller/blockrequest_controller.go:63.2,69.62 5 1
github.com/gitlayzer/block-controller/internal/controller/blockrequest_controller.go:69.62,72.23 3 1
github.com/gitlayzer/block-controller/internal/controller/blockrequest_controller.go:72.23,74.4 1 1
github.com/gitlayzer/block-controller/internal/controller/blockrequest_controller.go:75.3,77.17 3 1
github.com/gitlayzer/block-controller/internal/controller/blockrequest_controller.go:78.8,78.55 1 1
github.com/gitlayzer/block-controller/internal/controller/blockrequest_controller.go:78.55,81.17 2 1
github.com/gitlayzer/block-controller/internal/controller/blockrequest_controller.go:81.17,84.4 2 0
github.com/gitlayzer/block-controller/internal/controller/blockrequest_controller.go:86.3,93.76 3 1
github.com/gitlayzer/block-controller/internal/controller/blockrequest_controller.go:93.76,96.4 2 0
github.com/gitlayzer/block-controller/internal/controller/blockrequest_controller.go:98.3,98.35 1 1
github.com/gitlayzer/block-controller/internal/controller/blockrequest_controller.go:98.35,100.4 1 1
github.com/gitlayzer/block-controller/internal/controller/blockrequest_controller.go:102.3,103.28 2 1
github.com/gitlayzer/block-controller/internal/controller/blockrequest_controller.go:103.28,105.4 1 0
github.com/gitlayzer/block-controller/internal/controller/blockrequest_controller.go:108.2,108.47 1 1
github.com/gitlayzer/block-controller/internal/controller/blockrequest_controller.go:108.47,111.3 2 0
github.com/gitlayzer/block-controller/internal/controller/blockrequest_controller.go:113.2,114.45 2 1
github.com/gitlayzer/block-controller/internal/controller/blockrequest_controller.go:114.45,117.80 3 1
github.com/gitlayzer/block-controller/internal/controller/blockrequest_controller.go:117.80,118.30 1 1
github.com/gitlayzer/block-controller/internal/controller/blockrequest_controller.go:118.30,120.5 1 1
github.com/gitlayzer/block-controller/internal/controller/blockrequest_controller.go:120.10,122.5 1 0
github.com/gitlayzer/block-controller/internal/controller/blockrequest_controller.go:123.4,123.44 1 1
github.com/gitlayzer/block-controller/internal/controller/blockrequest_controller.go:124.9,125.31 1 1
github.com/gitlayzer/block-controller/internal/controller/blockrequest_controller.go:125.31,127.5 1 0
github.com/gitlayzer/block-controller/internal/controller/blockrequest_controller.go:128.4,129.52 2 1
github.com/gitlayzer/block-controller/internal/controller/blockrequest_controller.go:129.52,132.5 2 0
github.com/gitlayzer/block-controller/internal/controller/blockrequest_controller.go:132.10,134.5 1 1
github.com/gitlayzer/block-controller/internal/controller/blockrequest_controller.go:136.3,136.81 1 1
github.com/gitlayzer/block-controller/internal/controller/blockrequest_controller.go:139.2,141.62 2 1
github.com/gitlayzer/block-controller/internal/controller/blockrequest_controller.go:141.62,143.3 1 0
github.com/gitlayzer/block-controller/internal/controller/blockrequest_controller.go:145.2,145.13 1 1
github.com/gitlayzer/block-controller/internal/controller/blockrequest_controller.go:145.13,147.3 1 1
github.com/gitlayzer/block-controller/internal/controller/blockrequest_controller.go:149.2,149.27 1 1
github.com/gitlayzer/block-controller/internal/controller/blockrequest_controller.go:153.75,159.2 1 0
